<?xml version="1.0" encoding="UTF-8"?>
<!-- Generated by org.testng.reporters.JUnitXMLReporter -->
<testsuite ignored="0" hostname="CHANCHAL-CHIKTE" failures="0" tests="3" name="Default test" time="46.667" errors="0" timestamp="2022-06-23T17:21:06 IST">
  <testcase classname="COM.TEST.Test_001" name="Test001" time="0.498"/>
  <testcase classname="COM.TEST.Test_001" name="Test002" time="0.468"/>
  <testcase classname="COM.TEST.Test_001" name="Test003" time="0.414"/>
</testsuite> <!-- Default test -->
