<?xml version="1.0" encoding="UTF-8"?>
<testng-results ignored="0" total="3" passed="3" failed="0" skipped="0">
  <reporter-output>
  </reporter-output>
  <suite started-at="2022-06-23T17:20:19 IST" name="Default suite" finished-at="2022-06-23T17:21:06 IST" duration-ms="46667">
    <groups>
    </groups>
    <test started-at="2022-06-23T17:20:19 IST" name="Default test" finished-at="2022-06-23T17:21:06 IST" duration-ms="46667">
      <class name="COM.TEST.Test_001">
        <test-method is-config="true" signature="SetUp()[pri:0, instance:COM.TEST.Test_001@402bba4f]" started-at="2022-06-23T17:20:19 IST" name="SetUp" finished-at="2022-06-23T17:20:42 IST" duration-ms="22743" status="PASS">
          <reporter-output>
          </reporter-output>
        </test-method> <!-- SetUp -->
        <test-method signature="Test001()[pri:0, instance:COM.TEST.Test_001@402bba4f]" started-at="2022-06-23T17:20:42 IST" name="Test001" finished-at="2022-06-23T17:20:42 IST" duration-ms="498" status="PASS">
          <reporter-output>
          </reporter-output>
        </test-method> <!-- Test001 -->
        <test-method is-config="true" signature="close_browser()[pri:0, instance:COM.TEST.Test_001@402bba4f]" started-at="2022-06-23T17:20:42 IST" name="close_browser" finished-at="2022-06-23T17:20:43 IST" duration-ms="1030" status="PASS">
          <reporter-output>
          </reporter-output>
        </test-method> <!-- close_browser -->
        <test-method is-config="true" signature="SetUp()[pri:0, instance:COM.TEST.Test_001@402bba4f]" started-at="2022-06-23T17:20:43 IST" name="SetUp" finished-at="2022-06-23T17:20:56 IST" duration-ms="12434" status="PASS">
          <reporter-output>
          </reporter-output>
        </test-method> <!-- SetUp -->
        <test-method signature="Test002()[pri:0, instance:COM.TEST.Test_001@402bba4f]" started-at="2022-06-23T17:20:56 IST" name="Test002" finished-at="2022-06-23T17:20:56 IST" duration-ms="468" status="PASS">
          <reporter-output>
          </reporter-output>
        </test-method> <!-- Test002 -->
        <test-method is-config="true" signature="close_browser()[pri:0, instance:COM.TEST.Test_001@402bba4f]" started-at="2022-06-23T17:20:56 IST" name="close_browser" finished-at="2022-06-23T17:20:57 IST" duration-ms="737" status="PASS">
          <reporter-output>
          </reporter-output>
        </test-method> <!-- close_browser -->
        <test-method is-config="true" signature="SetUp()[pri:0, instance:COM.TEST.Test_001@402bba4f]" started-at="2022-06-23T17:20:57 IST" name="SetUp" finished-at="2022-06-23T17:21:05 IST" duration-ms="7637" status="PASS">
          <reporter-output>
          </reporter-output>
        </test-method> <!-- SetUp -->
        <test-method signature="Test003()[pri:0, instance:COM.TEST.Test_001@402bba4f]" started-at="2022-06-23T17:21:05 IST" name="Test003" finished-at="2022-06-23T17:21:05 IST" duration-ms="414" status="PASS">
          <reporter-output>
          </reporter-output>
        </test-method> <!-- Test003 -->
        <test-method is-config="true" signature="close_browser()[pri:0, instance:COM.TEST.Test_001@402bba4f]" started-at="2022-06-23T17:21:05 IST" name="close_browser" finished-at="2022-06-23T17:21:06 IST" duration-ms="593" status="PASS">
          <reporter-output>
          </reporter-output>
        </test-method> <!-- close_browser -->
      </class> <!-- COM.TEST.Test_001 -->
    </test> <!-- Default test -->
  </suite> <!-- Default suite -->
</testng-results>
